Log file open, 06/02/23 17:17:35
LogWindows: Failed to load 'aqProf.dll' (GetLastError=126)
LogWindows: File 'aqProf.dll' does not exist
LogWindows: Failed to load 'VSPerf140.dll' (GetLastError=126)
LogWindows: File 'VSPerf140.dll' does not exist
LogWindows: Failed to load 'VtuneApi.dll' (GetLastError=126)
LogWindows: File 'VtuneApi.dll' does not exist
LogWindows: Failed to load 'VtuneApi32e.dll' (GetLastError=126)
LogWindows: File 'VtuneApi32e.dll' does not exist
LogInit: Display: Running engine for game: CoopGame
LogPlatformFile: Not using cached read wrapper
LogInit: Display: RandInit(-416927312) SRandInit(-416927312).
LogTaskGraph: Started task graph with 5 named threads and 26 total threads with 3 sets of task threads.
LogStats: Stats thread started at 0.530363
LogD3D11RHI: Aftermath initialized
LogPluginManager: Mounting plugin Paper2D
LogPluginManager: Mounting plugin LightPropagationVolume
LogPluginManager: Mounting plugin CodeLiteSourceCodeAccess
LogPluginManager: Mounting plugin GitSourceControl
LogPluginManager: Mounting plugin KDevelopSourceCodeAccess
LogPluginManager: Mounting plugin NullSourceCodeAccess
LogPluginManager: Mounting plugin PerforceSourceControl
LogPluginManager: Mounting plugin SubversionSourceControl
LogPluginManager: Mounting plugin UObjectPlugin
LogPluginManager: Mounting plugin VisualStudioSourceCodeAccess
LogPluginManager: Mounting plugin XCodeSourceCodeAccess
LogPluginManager: Mounting plugin AssetManagerEditor
LogPluginManager: Mounting plugin AudioCapture
LogPluginManager: Mounting plugin FacialAnimation
LogPluginManager: Mounting plugin GameplayTagsEditor
LogPluginManager: Mounting plugin MobileLauncherProfileWizard
LogPluginManager: Mounting plugin PluginBrowser
LogPluginManager: Mounting plugin SpeedTreeImporter
LogPluginManager: Mounting plugin AlembicImporter
LogPluginManager: Mounting plugin CharacterAI
LogPluginManager: Mounting plugin HTML5Networking
LogPluginManager: Mounting plugin AndroidMedia
LogPluginManager: Mounting plugin AvfMedia
LogPluginManager: Mounting plugin MediaPlayerEditor
LogPluginManager: Mounting plugin WmfMedia
LogPluginManager: Mounting plugin TcpMessaging
LogPluginManager: Mounting plugin UdpMessaging
LogPluginManager: Mounting plugin LevelSequenceEditor
LogPluginManager: Mounting plugin MatineeToLevelSequence
LogPluginManager: Mounting plugin OnlineSubsystemGooglePlay
LogPluginManager: Mounting plugin OnlineSubsystemIOS
LogPluginManager: Mounting plugin OnlineSubsystem
LogPluginManager: Mounting plugin OnlineSubsystemNull
LogPluginManager: Mounting plugin OnlineSubsystemUtils
LogPluginManager: Mounting plugin AndroidDeviceProfileSelector
LogPluginManager: Mounting plugin AndroidMoviePlayer
LogPluginManager: Mounting plugin AndroidPermission
LogPluginManager: Mounting plugin AppleMoviePlayer
LogPluginManager: Mounting plugin ArchVisCharacter
LogPluginManager: Mounting plugin CableComponent
LogPluginManager: Mounting plugin CustomMeshComponent
LogPluginManager: Mounting plugin ExampleDeviceProfileSelector
LogPluginManager: Mounting plugin GoogleCloudMessaging
LogPluginManager: Mounting plugin ImmediatePhysics
LogPluginManager: Mounting plugin IOSDeviceProfileSelector
LogPluginManager: Mounting plugin LinuxDeviceProfileSelector
LogPluginManager: Mounting plugin LocationServicesBPLibrary
LogPluginManager: Mounting plugin MobilePatchingUtils
LogPluginManager: Mounting plugin OculusVR
LogPluginManager: Mounting plugin PhysXVehicles
LogPluginManager: Mounting plugin ProceduralMeshComponent
LogPluginManager: Mounting plugin RuntimePhysXCooking
LogPluginManager: Mounting plugin SteamVR
LogPluginManager: Mounting plugin WindowsMoviePlayer
LogInit: Using libcurl 7.47.1
LogInit:  - built for x86_64-pc-win32
LogInit:  - supports SSL with OpenSSL/1.0.2g
LogInit:  - supports HTTP deflate (compression) using libz 1.2.8
LogInit:  - other features:
LogInit:      CURL_VERSION_SSL
LogInit:      CURL_VERSION_LIBZ
LogInit:      CURL_VERSION_IPV6
LogInit:      CURL_VERSION_ASYNCHDNS
LogInit:      CURL_VERSION_LARGEFILE
LogInit:      CURL_VERSION_IDN
LogInit:  CurlRequestOptions (configurable via config and command line):
LogInit:  - bVerifyPeer = false  - Libcurl will NOT verify peer certificate
LogInit:  - bUseHttpProxy = false  - Libcurl will NOT use HTTP proxy
LogInit:  - bDontReuseConnections = false  - Libcurl will reuse connections
LogInit:  - CertBundlePath = nullptr  - Libcurl will use whatever was configured at build time.
LogInit: Build: ++UE4+Release-4.17-CL-3658906
LogInit: Engine Version: 4.17.2-3658906+++UE4+Release-4.17
LogInit: Compatible Engine Version: 4.17.0-3573198+++UE4+Release-4.17
LogInit: Net CL: 3573198
LogDevObjectVersion: Number of dev versions registered: 16
LogDevObjectVersion:   Dev-Blueprints (B0D832E4-1F89-4F0D-ACCF-7EB736FD4AA2): 10
LogDevObjectVersion:   Dev-Build (E1C64328-A22C-4D53-A36C-8E866417BD8C): 0
LogDevObjectVersion:   Dev-Core (375EC13C-06E4-48FB-B500-84F0262A717E): 2
LogDevObjectVersion:   Dev-Editor (E4B068ED-F494-42E9-A231-DA0B2E46BB41): 20
LogDevObjectVersion:   Dev-Framework (CFFC743F-43B0-4480-9391-14DF171D2073): 28
LogDevObjectVersion:   Dev-Mobile (B02B49B5-BB20-44E9-A304-32B752E40360): 0
LogDevObjectVersion:   Dev-Networking (A4E4105C-59A1-49B5-A7C5-40C4547EDFEE): 0
LogDevObjectVersion:   Dev-Online (39C831C9-5AE6-47DC-9A44-9C173E1C8E7C): 0
LogDevObjectVersion:   Dev-Physics (78F01B33-EBEA-4F98-B9B4-84EACCB95AA2): 0
LogDevObjectVersion:   Dev-Platform (6631380F-2D4D-43E0-8009-CF276956A95A): 0
LogDevObjectVersion:   Dev-Rendering (12F88B9F-8875-4AFC-A67C-D90C383ABD29): 19
LogDevObjectVersion:   Dev-Sequencer (7B5AE74C-D270-4C10-A958-57980B212A5A): 4
LogDevObjectVersion:   Dev-VR (D7296918-1DD6-4BDD-9DE2-64A83CC13884): 0
LogDevObjectVersion:   Dev-LoadTimes (C2A15278-BFE7-4AFE-6C17-90FF531DF755): 1
LogDevObjectVersion:   Private-Geometry (6EACA3D4-40EC-4CC1-B786-8BED09428FC5): 1
LogDevObjectVersion:   Dev-AnimPhys (29E575DD-E0A3-4627-9D10-D276232CDCEA): 7
LogInit: Compiled (64-bit): Sep 22 2017 13:47:16
LogInit: Compiled with Visual C++: 19.00.24215.01
LogInit: Build Configuration: Development
LogInit: Branch Name: ++UE4+Release-4.17
LogInit: Command line:  
LogInit: Base directory: D:/Tools/EpicGames/UE_4.17/Engine/Binaries/Win64/
LogInit: Installed Engine Build: 1
LogInit: Presizing for max 8388607 objects, including 0 objects not considered by GC, pre-allocating 0 bytes for permanent pool.
LogInit: Object subsystem initialized
[2023.06.02-08.17.36:503][  0]LogInit: Selected Device Profile: [Windows]
[2023.06.02-08.17.36:503][  0]LogInit: Applying CVar settings loaded from the selected device profile: [Windows]
[2023.06.02-08.17.36:598][  0]LogInit: Computer: DESKTOP-A4CSULD
[2023.06.02-08.17.36:598][  0]LogInit: User: 82104
[2023.06.02-08.17.36:598][  0]LogInit: CPU Page size=4096, Cores=8
[2023.06.02-08.17.36:598][  0]LogInit: High frequency timer resolution =10.000000 MHz
[2023.06.02-08.17.36:599][  0]LogMemory: Memory total: Physical=31.9GB (32GB approx)
[2023.06.02-08.17.36:599][  0]LogMemory: Platform Memory Stats for Windows
[2023.06.02-08.17.36:599][  0]LogMemory: Process Physical Memory: 282.96 MB used, 282.96 MB peak
[2023.06.02-08.17.36:599][  0]LogMemory: Process Virtual Memory: 281.08 MB used, 281.08 MB peak
[2023.06.02-08.17.36:599][  0]LogMemory: Physical Memory: 9541.33 MB used,  23174.78 MB free, 32716.11 MB total
[2023.06.02-08.17.36:599][  0]LogMemory: Virtual Memory: 4804.72 MB used,  23174.78 MB free, 134217728.00 MB total
[2023.06.02-08.17.37:280][  0]LogInit: Using OS detected language (ko-KR).
[2023.06.02-08.17.37:280][  0]LogInit: Using OS detected locale (ko-KR).
[2023.06.02-08.17.37:487][  0]LogTextLocalizationManager: No specific localization for 'ko-KR' exists, so the 'ko' localization will be used.
[2023.06.02-08.17.41:011][  0]LogD3D11RHI: D3D11 adapters:
[2023.06.02-08.17.41:162][  0]LogD3D11RHI:    0. 'NVIDIA GeForce GTX 1660 Ti' (Feature Level 11_0)
[2023.06.02-08.17.41:162][  0]LogD3D11RHI:       5979/0/16358 MB DedicatedVideo/DedicatedSystem/SharedSystem, Outputs:2, VendorId:0x10de
[2023.06.02-08.17.41:165][  0]LogD3D11RHI:    1. 'Microsoft Basic Render Driver' (Feature Level 11_0)
[2023.06.02-08.17.41:165][  0]LogD3D11RHI:       0/0/16358 MB DedicatedVideo/DedicatedSystem/SharedSystem, Outputs:0, VendorId:0x1414
[2023.06.02-08.17.41:165][  0]LogD3D11RHI: Chosen D3D11 Adapter: 0
[2023.06.02-08.17.41:173][  0]LogD3D11RHI: Creating new Direct3DDevice
[2023.06.02-08.17.41:174][  0]LogD3D11RHI:     GPU DeviceId: 0x2182 (for the marketing name, search the web for "GPU Device Id")
[2023.06.02-08.17.41:174][  0]LogWindows: EnumDisplayDevices:
[2023.06.02-08.17.41:174][  0]LogWindows:    0. 'NVIDIA GeForce GTX 1660 Ti' (P:1 D:1)
[2023.06.02-08.17.41:174][  0]LogWindows:    1. 'NVIDIA GeForce GTX 1660 Ti' (P:0 D:1)
[2023.06.02-08.17.41:174][  0]LogWindows:    2. 'NVIDIA GeForce GTX 1660 Ti' (P:0 D:0)
[2023.06.02-08.17.41:174][  0]LogWindows:    3. 'NVIDIA GeForce GTX 1660 Ti' (P:0 D:0)
[2023.06.02-08.17.41:174][  0]LogWindows: DebugString: GetVideoDriverDetailsInvalid PrimaryIsNotTheChoosenAdapter GetVideoDriverDetailsInvalid PrimaryIsNotTheChoosenAdapter GetVideoDriverDetailsInvalid PrimaryIsNotTheChoosenAdapter GetVideoDriverDetailsInvalid PrimaryIsNotTheChoosenAdapter FoundDriverCount:0 
[2023.06.02-08.17.41:174][  0]LogD3D11RHI:     Adapter Name: NVIDIA GeForce GTX 1660 Ti
[2023.06.02-08.17.41:174][  0]LogD3D11RHI:   Driver Version: Unknown (internal:Unknown, unified:Unknown)
[2023.06.02-08.17.41:174][  0]LogD3D11RHI:      Driver Date: Unknown
[2023.06.02-08.17.41:174][  0]LogRHI: Texture pool is 1361 MB (70% of 1945 MB)
[2023.06.02-08.17.41:282][  0]LogD3D11RHI: Async texture creation enabled
[2023.06.02-08.17.41:315][  0]LogD3D11RHI: GPU Timing Frequency: 1000.000000 (Debug: 2 1)
[2023.06.02-08.17.41:317][  0]LogD3D11RHI: HDR output is supported on display 0 (NvId: 0x80061081).
[2023.06.02-08.17.41:317][  0]LogShaderCompilers: Guid format shader working directory is 12 characters bigger than the processId version (../../../../../../UE_Project/CoopGame/Intermediate/Shaders/WorkingDirectory/7048/).
[2023.06.02-08.17.41:317][  0]LogShaderCompilers: Cleaned the shader compiler working directory 'C:/Users/Wonjeong/AppData/Local/Temp/UnrealShaderWorkingDir/6746A0BC45696E7CEBF4C5BA1B25370F/'.
[2023.06.02-08.17.41:317][  0]LogShaderCompilers: Display: Using Local Shader Compiler.
[2023.06.02-08.17.45:172][  0]LogTemp: Display: Loaded TP AllDesktopTargetPlatform
[2023.06.02-08.17.45:222][  0]LogTemp: Display: Loaded TP MacClientTargetPlatform
[2023.06.02-08.17.45:270][  0]LogTemp: Display: Loaded TP MacNoEditorTargetPlatform
[2023.06.02-08.17.45:319][  0]LogTemp: Display: Loaded TP MacServerTargetPlatform
[2023.06.02-08.17.45:379][  0]LogTemp: Display: Loaded TP MacTargetPlatform
[2023.06.02-08.17.45:428][  0]LogTemp: Display: Loaded TP WindowsClientTargetPlatform
[2023.06.02-08.17.45:477][  0]LogTemp: Display: Loaded TP WindowsNoEditorTargetPlatform
[2023.06.02-08.17.45:526][  0]LogTemp: Display: Loaded TP WindowsServerTargetPlatform
[2023.06.02-08.17.45:567][  0]LogTemp: Display: Loaded TP WindowsTargetPlatform
[2023.06.02-08.17.45:630][  0]LogTemp: Display: Loaded TP AndroidTargetPlatform
[2023.06.02-08.17.45:678][  0]LogTemp: Display: Loaded TP Android_ASTCTargetPlatform
[2023.06.02-08.17.45:726][  0]LogTemp: Display: Loaded TP Android_ATCTargetPlatform
[2023.06.02-08.17.45:775][  0]LogTemp: Display: Loaded TP Android_DXTTargetPlatform
[2023.06.02-08.17.45:824][  0]LogTemp: Display: Loaded TP Android_ETC1TargetPlatform
[2023.06.02-08.17.45:872][  0]LogTemp: Display: Loaded TP Android_ETC2TargetPlatform
[2023.06.02-08.17.45:968][  0]LogTemp: Display: Loaded TP Android_MultiTargetPlatform
[2023.06.02-08.17.45:968][  0]LogTemp: Display: Loaded TP Android_PVRTCTargetPlatform
[2023.06.02-08.17.46:005][  0]LogTemp: Display: Loaded TP HTML5TargetPlatform
[2023.06.02-08.17.46:202][  0]LogTemp: Display: Loaded TP IOSTargetPlatform
[2023.06.02-08.17.46:232][  0]LogTemp: Display: Loaded TP TVOSTargetPlatform
[2023.06.02-08.17.46:280][  0]LogTemp: Display: Loaded TP LinuxClientTargetPlatform
[2023.06.02-08.17.46:328][  0]LogTemp: Display: Loaded TP LinuxNoEditorTargetPlatform
[2023.06.02-08.17.46:375][  0]LogTemp: Display: Loaded TP LinuxServerTargetPlatform
[2023.06.02-08.17.46:430][  0]LogTemp: Display: Loaded TP LinuxTargetPlatform
[2023.06.02-08.17.46:430][  0]LogTargetPlatformManager: Display: Building Assets For Windows
[2023.06.02-08.17.47:807][  0]LogDerivedDataCache: Display: Max Cache Size: 512 MB
[2023.06.02-08.17.48:168][  0]LogDerivedDataCache: Loaded boot cache 0.36s 95MB C:/Users/Wonjeong/AppData/Local/UnrealEngine/4.17/DerivedDataCache/Boot.ddc.
[2023.06.02-08.17.48:168][  0]LogDerivedDataCache: Display: Loaded Boot cache: C:/Users/Wonjeong/AppData/Local/UnrealEngine/4.17/DerivedDataCache/Boot.ddc
[2023.06.02-08.17.48:168][  0]LogDerivedDataCache: FDerivedDataBackendGraph:  Pak pak cache file ../../../../../../UE_Project/CoopGame/DerivedDataCache/DDC.ddp not found, will not use a pak cache.
[2023.06.02-08.17.48:168][  0]LogDerivedDataCache: Unable to find inner node Pak for hierarchical cache Hierarchy.
[2023.06.02-08.17.48:168][  0]LogDerivedDataCache: FDerivedDataBackendGraph:  CompressedPak pak cache file ../../../../../../UE_Project/CoopGame/DerivedDataCache/Compressed.ddp not found, will not use a pak cache.
[2023.06.02-08.17.48:168][  0]LogDerivedDataCache: Unable to find inner node CompressedPak for hierarchical cache Hierarchy.
[2023.06.02-08.17.48:249][  0]LogDerivedDataCache: Display: Pak cache opened for reading ../../../Engine/DerivedDataCache/Compressed.ddp.
[2023.06.02-08.17.48:262][  0]LogDerivedDataCache: Using Local data cache path C:/Users/Wonjeong/AppData/Local/UnrealEngine/Common/DerivedDataCache: Writable
[2023.06.02-08.17.48:271][  0]LogMaterial: Verifying Global Shaders for PCD3D_SM5
[2023.06.02-08.17.48:272][  0]LogSlate: Using Freetype 2.6.0
[2023.06.02-08.17.48:370][  0]LogSlate: SlateFontCache - WITH_FREETYPE: 1, WITH_HARFBUZZ: 1
[2023.06.02-08.17.48:370][  0]LogSlate: SlateFontCache - WITH_FREETYPE: 1, WITH_HARFBUZZ: 1
[2023.06.02-08.17.56:165][  0]LogAssetRegistry: FAssetRegistry took 0.0262 seconds to start up
[2023.06.02-08.17.56:504][  0]LogInit: Selected Device Profile: [Windows]
[2023.06.02-08.17.58:000][  0]LogContentStreaming: Texture pool size is 0.00 MB
[2023.06.02-08.17.58:503][  0]LogSimplygon: Simplygon DLL not present - disabling.
[2023.06.02-08.17.58:540][  0]LogMeshReduction: Using SimplygonSwarm for distributed automatic mesh merging
[2023.06.02-08.17.58:540][  0]LogMeshReduction: Using QuadricMeshReduction for automatic static mesh reduction
[2023.06.02-08.17.58:540][  0]LogMeshReduction: No automatic skeletal mesh reduction module available
[2023.06.02-08.17.58:540][  0]LogMeshReduction: No automatic mesh merging module available
[2023.06.02-08.17.58:540][  0]LogMeshMerging: No automatic mesh merging module available
[2023.06.02-08.17.59:661][  0]LogNetVersion: CoopGame , NetCL: 3573198, EngineNetVer: 2, GameNetVer: 0 (Checksum: 471078940)
[2023.06.02-08.18.00:464][  0]LogPackageLocalizationCache: Processed 5 localized package path(s) for 2 prioritized culture(s) in 0.090683 seconds
[2023.06.02-08.18.00:471][  0]LogUObjectArray: 35825 objects as part of root set at end of initial load.
[2023.06.02-08.18.00:471][  0]LogUObjectAllocator: 7529104 out of 0 bytes used by permanent object pool.
[2023.06.02-08.18.00:471][  0]LogUObjectArray: CloseDisregardForGC: 0/0 objects in disregard for GC pool
[2023.06.02-08.18.00:533][  0]LogInit: WinSock: version 1.1 (2.2), MaxSocks=32767, MaxUdp=65467
[2023.06.02-08.18.19:660][  0]LogTcpMessaging: Initializing TcpMessaging bridge
[2023.06.02-08.18.19:697][  0]LogUdpMessaging: Initializing bridge on interface 0.0.0.0:0 to multicast group 230.0.0.1:6666.
[2023.06.02-08.18.22:206][  0]LogMaterial: Uniform references updated for custom material expression Custom.
[2023.06.02-08.18.22:709][  0]SourceControl: 소스 콘트롤이 꺼졌습니다.
[2023.06.02-08.18.22:710][  0]SourceControl: 소스 콘트롤이 꺼졌습니다.
[2023.06.02-08.18.22:753][  0]SourceControl: 소스 콘트롤이 꺼졌습니다.
[2023.06.02-08.18.22:795][  0]SourceControl: 소스 콘트롤이 꺼졌습니다.
[2023.06.02-08.18.23:619][  0]LogAndroidPermission: UAndroidPermissionCallbackProxy::GetInstance
[2023.06.02-08.18.23:839][  0]LogOcInput: OculusInput pre-init called
[2023.06.02-08.18.24:156][  0]LogEngine: Initializing Engine...
[2023.06.02-08.18.24:158][  0]LogHMD: Failed to initialize OpenVR with code 110
[2023.06.02-08.18.24:732][  0]LogStats: UGameplayTagsManager::ConstructGameplayTagTree: Construct from data asset -  0.000 s
[2023.06.02-08.18.24:732][  0]LogStats: UGameplayTagsManager::ConstructGameplayTagTree: GameplayTagTreeChangedEvent.Broadcast -  0.000 s
[2023.06.02-08.18.24:923][  0]LogAIModule: Creating AISystem for world Untitled
[2023.06.02-08.18.24:943][  0]LogInit: XAudio2 using '24MP76(NVIDIA High Definition Audio)' : 2 channels at 48 kHz using 16 bits per sample (channel mask 0x3)
[2023.06.02-08.18.24:959][  0]LogInit: FAudioDevice initialized.
[2023.06.02-08.18.25:054][  0]LogDerivedDataCache: Saved boot cache 0.09s 95MB C:/Users/Wonjeong/AppData/Local/UnrealEngine/4.17/DerivedDataCache/Boot.ddc.
[2023.06.02-08.18.25:064][  0]LogInit: Texture streaming: Enabled
[2023.06.02-08.18.25:173][  0]LogEngineSessionManager: EngineSessionManager initialized
[2023.06.02-08.18.25:476][  0]LogInit: Transaction tracking system initialized
[2023.06.02-08.18.25:763][  0]BlueprintLog: New page: 에디터 로드
[2023.06.02-08.18.26:646][  0]LocalizationService: 현지화 서비스가 비활성화되었습니다.
[2023.06.02-08.18.27:402][  0]LogConsoleResponse: Display: 
[2023.06.02-08.18.28:566][  0]LogCook: Display: Max memory allowance for cook 16384mb min free memory 0mb
[2023.06.02-08.18.28:566][  0]LogCook: Display: Mobile HDR setting 1
[2023.06.02-08.18.28:566][  0]LogGameplayTags: Display: UGameplayTagsManager::DoneAddingNativeTags. DelegateIsBound: 0
[2023.06.02-08.18.29:385][  0]LogFileCache: Scanning file cache for directory 'D:/UE_Project/CoopGame/Content/' took 0.05s
[2023.06.02-08.18.30:130][  0]SourceControl: 소스 콘트롤이 꺼졌습니다.
[2023.06.02-08.18.30:130][  0]Cmd: MAP LOAD FILE="../../../../../../UE_Project/CoopGame/Content/Maps/Blockout_P.umap" TEMPLATE=0 SHOWPROGRESS=1 FEATURELEVEL=3
[2023.06.02-08.18.30:177][  0]LightingResults: New page: 라이팅 빌드
[2023.06.02-08.18.30:214][  0]MapCheck: New page: 맵 체크
[2023.06.02-08.18.30:214][  0]LightingResults: New page: 라이팅 빌드
[2023.06.02-08.18.32:456][  0]LogAIModule: Creating AISystem for world Blockout_P
[2023.06.02-08.18.32:563][  0]LogEditorServer: Finished looking for orphan Actors (0.000 secs)
[2023.06.02-08.18.32:592][  0]Cmd: MAP CHECKDEP NOCLEARLOG
[2023.06.02-08.18.32:648][  0]MapCheck: 맵 체크 완료: 오류 0 회, 경고 0 회, 소요 시간 56.721ms.
[2023.06.02-08.18.32:649][  0]LogFileHelpers: Loading map 'Blockout_P' took 2.519
[2023.06.02-08.18.32:953][  0]LogCollectionManager: Loaded 0 collections in 0.001001 seconds
[2023.06.02-08.18.33:035][  0]LogFileCache: Scanning file cache for directory 'D:/UE_Project/CoopGame/Saved/Collections/' took 0.01s
[2023.06.02-08.18.33:035][  0]LogFileCache: Scanning file cache for directory 'D:/UE_Project/CoopGame/Content/Developers/82104/Collections/' took 0.01s
[2023.06.02-08.18.33:036][  0]LogFileCache: Scanning file cache for directory 'D:/UE_Project/CoopGame/Content/Collections/' took 0.01s
[2023.06.02-08.18.33:036][  0]LogCollectionManager: Rebuilt the GUID cache for 0 collections in 0.000000 seconds
[2023.06.02-08.18.33:051][  0]LogContentBrowser: Native class hierarchy populated in 0.0150 seconds. Added 2404 classes and 507 folders.
[2023.06.02-08.18.33:116][  0]LogContentBrowser: Native class hierarchy updated for 'WidgetCarousel' in 0.0040 seconds. Added 0 classes and 0 folders.
[2023.06.02-08.18.34:337][  0]LogContentBrowser: Native class hierarchy updated for 'AddContentDialog' in 0.0043 seconds. Added 0 classes and 0 folders.
[2023.06.02-08.18.34:389][  0]LogContentBrowser: Native class hierarchy updated for 'SceneOutliner' in 0.0042 seconds. Added 1 classes and 2 folders.
[2023.06.02-08.18.34:636][  0]LogSlate: Took 0.021281 seconds to synchronously load lazily loaded font '../../../Engine/Content/Slate/Fonts/Roboto-Regular.ttf' (155K)
[2023.06.02-08.18.34:700][  0]LogSlate: Took 0.062626 seconds to synchronously load lazily loaded font '../../../Engine/Content/Slate/Fonts/NanumGothic.ttf' (4243K)
[2023.06.02-08.18.34:713][  0]LogSlate: Took 0.012533 seconds to synchronously load lazily loaded font '../../../Engine/Content/Slate/Fonts/Roboto-Bold.ttf' (160K)
[2023.06.02-08.18.34:734][  0]LogSlate: Took 0.016846 seconds to synchronously load lazily loaded font '../../../Engine/Content/Editor/Slate/Fonts/FontAwesome.ttf' (139K)
[2023.06.02-08.18.35:034][  0]LogRenderer: Reallocating scene render targets to support 1208x576 Format 10 NumSamples 1 (Frame:1).
[2023.06.02-08.18.35:230][  0]LogContentBrowser: Native class hierarchy updated for 'HierarchicalLODOutliner' in 0.0043 seconds. Added 1 classes and 2 folders.
[2023.06.02-08.18.35:230][  0]LogLoad: (Engine Initialization) Total time: 65.08 seconds
[2023.06.02-08.18.35:230][  0]LogLoad: (Engine Initialization) Total Blueprint compile time: 0.00 seconds
[2023.06.02-08.18.35:230][  0]LogExternalProfiler: No external profilers were discovered.  External profiling features will not be available.
[2023.06.02-08.18.35:594][  0]LogContentStreaming: Texture pool size now 1000 MB
[2023.06.02-08.18.35:714][  0]LogSlate: Took 0.015934 seconds to synchronously load lazily loaded font '../../../Engine/Content/Slate/Fonts/Roboto-Light.ttf' (159K)
[2023.06.02-08.18.35:918][  1]LogAssetRegistry: Asset discovery search completed in 39.7748 seconds
[2023.06.02-08.18.35:919][  1]LogCollectionManager: Rebuilt the object cache for 0 collections in 0.000001 seconds (found 0 objects)
[2023.06.02-08.18.35:919][  1]LogCollectionManager: Fixed up redirectors for 0 collections in 0.000066 seconds (updated 0 objects)
[2023.06.02-08.18.36:582][  3]LogSlate: Took 0.000206 seconds to synchronously load lazily loaded font '../../../Engine/Content/Slate/Fonts/Roboto-Light.ttf' (159K)
[2023.06.02-08.18.59:277][776]LogSlate: Took 0.000180 seconds to synchronously load lazily loaded font '../../../Engine/Content/Slate/Fonts/Roboto-Light.ttf' (159K)
[2023.06.02-08.18.59:809][776]LogContentBrowser: Native class hierarchy updated for 'BlueprintGraph' in 0.0043 seconds. Added 113 classes and 0 folders.
[2023.06.02-08.19.00:626][776]LogSlate: Took 0.000175 seconds to synchronously load lazily loaded font '../../../Engine/Content/Slate/Fonts/Roboto-Regular.ttf' (155K)
[2023.06.02-08.19.00:867][776]LogSlate: Took 0.011582 seconds to synchronously load lazily loaded font '../../../Engine/Content/Editor/Slate/Fonts/Roboto-BoldCondensed.ttf' (158K)
[2023.06.02-08.19.01:134][777]LogSlate: Took 0.011269 seconds to synchronously load lazily loaded font '../../../Engine/Content/Editor/Slate/Fonts/Roboto-Italic.ttf' (157K)
[2023.06.02-08.23.19:745][291]Cmd: QUIT_EDITOR
[2023.06.02-08.23.19:760][291]LogWindowsTextInputMethodSystem: Display: IME system now activated using TSF (Microsoft 입력기).
[2023.06.02-08.23.19:770][291]LogExit: Preparing to exit.
[2023.06.02-08.23.20:966][291]LogDirectoryWatcher: A directory notification for 'D:/UE_Project/CoopGame/Content/' was aborted.
[2023.06.02-08.23.20:997][291]LogExit: Editor shut down
[2023.06.02-08.23.21:003][291]LogExit: Transaction tracking system shut down
[2023.06.02-08.23.21:213][291]LogDirectoryWatcher: A directory notification for '../../../Engine/Content/' was aborted.
[2023.06.02-08.23.21:213][291]LogDirectoryWatcher: A directory notification for '../../../../../../UE_Project/CoopGame/Content/' was aborted.
[2023.06.02-08.23.21:213][291]LogDirectoryWatcher: A directory notification for '../../../Engine/Plugins/2D/Paper2D/Content/' was aborted.
[2023.06.02-08.23.21:213][291]LogDirectoryWatcher: A directory notification for '../../../Engine/Plugins/Runtime/Oculus/OculusVR/Content/' was aborted.
[2023.06.02-08.23.21:213][291]LogDirectoryWatcher: A directory notification for '../../../Engine/Plugins/Runtime/Steam/SteamVR/Content/' was aborted.
[2023.06.02-08.23.21:290][291]LogExit: Object subsystem successfully closed.
[2023.06.02-08.23.21:359][291]LogD3D11RHI: Shutdown
[2023.06.02-08.23.21:359][291]LogD3D11RHI: CleanupD3DDevice
[2023.06.02-08.23.21:448][291]LogD3D11RHI: ~FD3D11DynamicRHI
[2023.06.02-08.23.21:457][291]LogModuleManager: Shutting down and abandoning module BlueprintGraph (538)
[2023.06.02-08.23.21:457][291]LogModuleManager: Shutting down and abandoning module BlueprintProfiler (536)
[2023.06.02-08.23.21:457][291]LogModuleManager: Shutting down and abandoning module HierarchicalLODOutliner (534)
[2023.06.02-08.23.21:457][291]LogModuleManager: Shutting down and abandoning module SceneOutliner (532)
[2023.06.02-08.23.21:457][291]LogModuleManager: Shutting down and abandoning module AddContentDialog (530)
[2023.06.02-08.23.21:457][291]LogDirectoryWatcher: A directory notification for 'D:/Tools/EpicGames/UE_4.17/FeaturePacks/' was aborted.
[2023.06.02-08.23.21:458][291]LogModuleManager: Shutting down and abandoning module WidgetCarousel (529)
[2023.06.02-08.23.21:458][291]LogModuleManager: Shutting down and abandoning module EditorWidgets (526)
[2023.06.02-08.23.21:458][291]LogModuleManager: Shutting down and abandoning module CollectionManager (524)
[2023.06.02-08.23.21:458][291]LogDirectoryWatcher: A directory notification for 'D:/UE_Project/CoopGame/Content/Collections/' was aborted.
[2023.06.02-08.23.21:458][291]LogDirectoryWatcher: A directory notification for 'D:/UE_Project/CoopGame/Content/Developers/82104/Collections/' was aborted.
[2023.06.02-08.23.21:458][291]LogDirectoryWatcher: A directory notification for 'D:/UE_Project/CoopGame/Saved/Collections/' was aborted.
[2023.06.02-08.23.21:458][291]LogModuleManager: Shutting down and abandoning module StatsViewer (522)
[2023.06.02-08.23.21:458][291]LogModuleManager: Shutting down and abandoning module FoliageEdit (520)
[2023.06.02-08.23.21:458][291]LogModuleManager: Shutting down and abandoning module LandscapeEditor (518)
[2023.06.02-08.23.21:458][291]LogModuleManager: Shutting down and abandoning module MeshPaintMode (516)
[2023.06.02-08.23.21:458][291]LogModuleManager: Shutting down and abandoning module SceneDepthPickerMode (514)
[2023.06.02-08.23.21:458][291]LogModuleManager: Shutting down and abandoning module ActorPickerMode (512)
[2023.06.02-08.23.21:458][291]LogModuleManager: Shutting down and abandoning module GeometryMode (510)
[2023.06.02-08.23.21:458][291]LogModuleManager: Shutting down and abandoning module TextureAlignMode (508)
[2023.06.02-08.23.21:458][291]LogModuleManager: Shutting down and abandoning module BspMode (506)
[2023.06.02-08.23.21:458][291]LogModuleManager: Shutting down and abandoning module PIEPreviewDeviceProfileSelector (504)
[2023.06.02-08.23.21:458][291]LogModuleManager: Shutting down and abandoning module HardwareSurvey (502)
[2023.06.02-08.23.21:458][291]LogModuleManager: Shutting down and abandoning module SequenceRecorderSections (500)
[2023.06.02-08.23.21:458][291]LogModuleManager: Shutting down and abandoning module AutomationWorker (498)
[2023.06.02-08.23.21:458][291]LogModuleManager: Shutting down and abandoning module MatineeToLevelSequence (496)
[2023.06.02-08.23.21:458][291]LogModuleManager: Shutting down and abandoning module LevelSequenceEditor (494)
[2023.06.02-08.23.21:458][291]LogModuleManager: Shutting down and abandoning module PlacementMode (493)
[2023.06.02-08.23.21:458][291]LogModuleManager: Shutting down and abandoning module WmfMediaFactory (490)
[2023.06.02-08.23.21:459][291]LogModuleManager: Shutting down and abandoning module WmfMediaEditor (488)
[2023.06.02-08.23.21:459][291]LogModuleManager: Shutting down and abandoning module AvfMediaFactory (486)
[2023.06.02-08.23.21:459][291]LogModuleManager: Shutting down and abandoning module AvfMediaEditor (484)
[2023.06.02-08.23.21:459][291]LogModuleManager: Shutting down and abandoning module AndroidMediaFactory (482)
[2023.06.02-08.23.21:459][291]LogModuleManager: Shutting down and abandoning module Media (481)
[2023.06.02-08.23.21:459][291]LogModuleManager: Shutting down and abandoning module AndroidMediaEditor (478)
[2023.06.02-08.23.21:459][291]LogModuleManager: Shutting down and abandoning module CharacterAI (476)
[2023.06.02-08.23.21:459][291]LogModuleManager: Shutting down and abandoning module AudioCapture (474)
[2023.06.02-08.23.21:459][291]LogModuleManager: Shutting down and abandoning module SequenceRecorder (473)
[2023.06.02-08.23.21:459][291]LogModuleManager: Shutting down and abandoning module SmartSnapping (470)
[2023.06.02-08.23.21:459][291]LogModuleManager: Shutting down and abandoning module SessionServices (468)
[2023.06.02-08.23.21:459][291]LogModuleManager: Shutting down and abandoning module ViewportSnapping (466)
[2023.06.02-08.23.21:459][291]LogModuleManager: Shutting down and abandoning module ViewportInteraction (464)
[2023.06.02-08.23.21:459][291]LogModuleManager: Shutting down and abandoning module ClothPainter (462)
[2023.06.02-08.23.21:459][291]LogModuleManager: Shutting down and abandoning module LogVisualizer (460)
[2023.06.02-08.23.21:459][291]LogModuleManager: Shutting down and abandoning module IntroTutorials (458)
[2023.06.02-08.23.21:459][291]LogModuleManager: Shutting down and abandoning module GameProjectGeneration (457)
[2023.06.02-08.23.21:459][291]LogModuleManager: Shutting down and abandoning module IOSPlatformEditor (454)
[2023.06.02-08.23.21:459][291]LogModuleManager: Shutting down and abandoning module HTML5PlatformEditor (452)
[2023.06.02-08.23.21:459][291]LogModuleManager: Shutting down and abandoning module AndroidPlatformEditor (450)
[2023.06.02-08.23.21:459][291]LogModuleManager: Shutting down and abandoning module AndroidDeviceDetection (449)
[2023.06.02-08.23.22:145][291]LogModuleManager: Shutting down and abandoning module WindowsPlatformEditor (446)
[2023.06.02-08.23.22:145][291]LogModuleManager: Shutting down and abandoning module IOSRuntimeSettings (444)
[2023.06.02-08.23.22:145][291]LogModuleManager: Shutting down and abandoning module AndroidRuntimeSettings (442)
[2023.06.02-08.23.22:145][291]LogModuleManager: Shutting down and abandoning module InputBindingEditor (440)
[2023.06.02-08.23.22:145][291]LogModuleManager: Shutting down and abandoning module MergeActors (438)
[2023.06.02-08.23.22:145][291]LogModuleManager: Shutting down and abandoning module SizeMap (436)
[2023.06.02-08.23.22:145][291]LogModuleManager: Shutting down and abandoning module TreeMap (434)
[2023.06.02-08.23.22:145][291]LogModuleManager: Shutting down and abandoning module ReferenceViewer (432)
[2023.06.02-08.23.22:145][291]LogModuleManager: Shutting down and abandoning module LocalizationDashboard (430)
[2023.06.02-08.23.22:145][291]LogModuleManager: Shutting down and abandoning module LocalizationService (429)
[2023.06.02-08.23.22:146][291]LogModuleManager: Shutting down and abandoning module HardwareTargeting (426)
[2023.06.02-08.23.22:146][291]LogModuleManager: Shutting down and abandoning module DeviceProfileEditor (424)
[2023.06.02-08.23.22:146][291]LogModuleManager: Shutting down and abandoning module UndoHistory (422)
[2023.06.02-08.23.22:146][291]LogModuleManager: Shutting down and abandoning module XmlParser (420)
[2023.06.02-08.23.22:146][291]LogModuleManager: Shutting down and abandoning module Blutility (418)
[2023.06.02-08.23.22:146][291]LogModuleManager: Shutting down and abandoning module ProjectSettingsViewer (416)
[2023.06.02-08.23.22:146][291]LogModuleManager: Shutting down and abandoning module ProjectTargetPlatformEditor (415)
[2023.06.02-08.23.22:146][291]LogModuleManager: Shutting down and abandoning module EditorSettingsViewer (412)
[2023.06.02-08.23.22:146][291]LogModuleManager: Shutting down and abandoning module SettingsEditor (410)
[2023.06.02-08.23.22:146][291]LogModuleManager: Shutting down and abandoning module ProjectLauncher (408)
[2023.06.02-08.23.22:146][291]LogModuleManager: Shutting down and abandoning module SessionFrontend (406)
[2023.06.02-08.23.22:146][291]LogModuleManager: Shutting down and abandoning module ProfilerClient (404)
[2023.06.02-08.23.22:146][291]LogModuleManager: Shutting down and abandoning module DeviceManager (402)
[2023.06.02-08.23.22:146][291]LogModuleManager: Shutting down and abandoning module TargetDeviceServices (401)
[2023.06.02-08.23.22:190][291]LogModuleManager: Shutting down and abandoning module AutomationController (398)
[2023.06.02-08.23.22:190][291]LogModuleManager: Shutting down and abandoning module AutomationWindow (396)
[2023.06.02-08.23.22:190][291]LogModuleManager: Shutting down and abandoning module Layers (394)
[2023.06.02-08.23.22:190][291]LogModuleManager: Shutting down and abandoning module ComponentVisualizers (392)
[2023.06.02-08.23.22:190][291]LogModuleManager: Shutting down and abandoning module DetailCustomizations (390)
[2023.06.02-08.23.22:190][291]LogModuleManager: Shutting down and abandoning module PackagesDialog (388)
[2023.06.02-08.23.22:190][291]LogModuleManager: Shutting down and abandoning module Persona (386)
[2023.06.02-08.23.22:190][291]LogModuleManager: Shutting down and abandoning module AdvancedPreviewScene (385)
[2023.06.02-08.23.22:190][291]LogModuleManager: Shutting down and abandoning module AnimGraph (383)
[2023.06.02-08.23.22:190][291]LogModuleManager: Shutting down and abandoning module Kismet (380)
[2023.06.02-08.23.22:196][291]LogModuleManager: Shutting down and abandoning module ClassViewer (378)
[2023.06.02-08.23.22:196][291]LogModuleManager: Shutting down and abandoning module Toolbox (376)
[2023.06.02-08.23.22:196][291]LogModuleManager: Shutting down and abandoning module ModuleUI (374)
[2023.06.02-08.23.22:196][291]LogModuleManager: Shutting down and abandoning module MovieSceneTools (372)
[2023.06.02-08.23.22:196][291]LogModuleManager: Shutting down and abandoning module OutputLog (370)
[2023.06.02-08.23.22:196][291]LogModuleManager: Shutting down and abandoning module GammaUI (368)
[2023.06.02-08.23.22:196][291]LogModuleManager: Shutting down and abandoning module Documentation (366)
[2023.06.02-08.23.22:196][291]LogModuleManager: Shutting down and abandoning module MovieSceneTracks (364)
[2023.06.02-08.23.22:197][291]LogModuleManager: Shutting down and abandoning module MovieScene (362)
[2023.06.02-08.23.22:197][291]LogModuleManager: Shutting down and abandoning module Niagara (360)
[2023.06.02-08.23.22:197][291]LogModuleManager: Shutting down and abandoning module NiagaraEditor (359)
[2023.06.02-08.23.22:197][291]LogModuleManager: Shutting down and abandoning module StreamingPauseRendering (356)
[2023.06.02-08.23.22:197][291]LogModuleManager: Shutting down and abandoning module LauncherPlatform (354)
[2023.06.02-08.23.22:197][291]LogModuleManager: Shutting down and abandoning module AnalyticsET (352)
[2023.06.02-08.23.22:197][291]LogModuleManager: Shutting down and abandoning module PortalServices (350)
[2023.06.02-08.23.22:197][291]LogModuleManager: Shutting down and abandoning module PortalRpc (348)
[2023.06.02-08.23.22:197][291]LogModuleManager: Shutting down and abandoning module MessagingRpc (346)
[2023.06.02-08.23.22:197][291]LogModuleManager: Shutting down and abandoning module AIModule (344)
[2023.06.02-08.23.22:197][291]LogModuleManager: Shutting down and abandoning module GameplayDebugger (343)
[2023.06.02-08.23.22:197][291]LogModuleManager: Shutting down and abandoning module AITestSuite (341)
[2023.06.02-08.23.22:197][291]LogModuleManager: Shutting down and abandoning module ProfilerService (338)
[2023.06.02-08.23.22:326][291]LogModuleManager: Shutting down and abandoning module TaskGraph (336)
[2023.06.02-08.23.22:326][291]LogModuleManager: Shutting down and abandoning module SteamVRController (334)
[2023.06.02-08.23.22:327][291]LogModuleManager: Shutting down and abandoning module ProceduralMeshComponentEditor (332)
[2023.06.02-08.23.22:327][291]LogModuleManager: Shutting down and abandoning module ProceduralMeshComponent (330)
[2023.06.02-08.23.22:327][291]LogModuleManager: Shutting down and abandoning module OculusInput (328)
[2023.06.02-08.23.22:327][291]LogModuleManager: Shutting down and abandoning module MobilePatchingUtils (326)
[2023.06.02-08.23.22:327][291]LogModuleManager: Shutting down and abandoning module CustomMeshComponent (324)
[2023.06.02-08.23.22:327][291]LogModuleManager: Shutting down and abandoning module CableComponent (322)
[2023.06.02-08.23.22:327][291]LogModuleManager: Shutting down and abandoning module ArchVisCharacter (320)
[2023.06.02-08.23.22:327][291]LogModuleManager: Shutting down and abandoning module AndroidPermission (318)
[2023.06.02-08.23.22:327][291]LogModuleManager: Shutting down and abandoning module MediaPlayerEditor (314)
[2023.06.02-08.23.22:327][291]LogModuleManager: Shutting down and abandoning module HTML5Networking (312)
[2023.06.02-08.23.22:327][291]LogModuleManager: Shutting down and abandoning module AlembicImporter (310)
[2023.06.02-08.23.22:327][291]LogModuleManager: Shutting down and abandoning module AlembicLibrary (309)
[2023.06.02-08.23.22:327][291]LogModuleManager: Shutting down and abandoning module GeometryCache (308)
[2023.06.02-08.23.22:327][291]LogModuleManager: Shutting down and abandoning module GeometryCacheEd (307)
[2023.06.02-08.23.22:327][291]LogModuleManager: Shutting down and abandoning module SpeedTreeImporter (302)
[2023.06.02-08.23.22:327][291]LogModuleManager: Shutting down and abandoning module PluginBrowser (300)
[2023.06.02-08.23.22:327][291]LogModuleManager: Shutting down and abandoning module MobileLauncherProfileWizard (298)
[2023.06.02-08.23.22:327][291]LogModuleManager: Shutting down and abandoning module VisualStudioSourceCodeAccess (296)
[2023.06.02-08.23.22:327][291]LogModuleManager: Shutting down and abandoning module DesktopPlatform (295)
[2023.06.02-08.23.22:327][291]LogModuleManager: Shutting down and abandoning module UObjectPlugin (292)
[2023.06.02-08.23.22:327][291]LogModuleManager: Shutting down and abandoning module SubversionSourceControl (290)
[2023.06.02-08.23.22:327][291]LogModuleManager: Shutting down and abandoning module PerforceSourceControl (288)
[2023.06.02-08.23.22:327][291]LogModuleManager: Shutting down and abandoning module GitSourceControl (286)
[2023.06.02-08.23.22:327][291]LogModuleManager: Shutting down and abandoning module SourceControl (285)
[2023.06.02-08.23.22:327][291]LogModuleManager: Shutting down and abandoning module LightPropagationVolumeEditor (282)
[2023.06.02-08.23.22:327][291]LogModuleManager: Shutting down and abandoning module PaperTiledImporter (280)
[2023.06.02-08.23.22:327][291]LogModuleManager: Shutting down and abandoning module PaperSpriteSheetImporter (278)
[2023.06.02-08.23.22:327][291]LogModuleManager: Shutting down and abandoning module Paper2DEditor (276)
[2023.06.02-08.23.22:327][291]LogModuleManager: Shutting down and abandoning module MeshPaint (275)
[2023.06.02-08.23.22:327][291]LogModuleManager: Shutting down and abandoning module LevelEditor (273)
[2023.06.02-08.23.22:328][291]LogModuleManager: Shutting down and abandoning module PixelInspectorModule (272)
[2023.06.02-08.23.22:328][291]LogModuleManager: Shutting down and abandoning module MainFrame (270)
[2023.06.02-08.23.22:328][291]LogModuleManager: Shutting down and abandoning module HotReload (269)
[2023.06.02-08.23.22:328][291]LogDirectoryWatcher: A directory notification for 'D:/UE_Project/CoopGame/Binaries/Win64' was aborted.
[2023.06.02-08.23.22:328][291]LogModuleManager: Shutting down and abandoning module CoopGame (264)
[2023.06.02-08.23.22:329][291]LogModuleManager: Shutting down and abandoning module RuntimePhysXCooking (262)
[2023.06.02-08.23.22:329][291]LogModuleManager: Shutting down and abandoning module PhysXVehiclesEditor (260)
[2023.06.02-08.23.22:329][291]LogModuleManager: Shutting down and abandoning module PhysXVehicles (258)
[2023.06.02-08.23.22:329][291]LogModuleManager: Shutting down and abandoning module OculusEditor (256)
[2023.06.02-08.23.22:329][291]LogModuleManager: Shutting down and abandoning module LocationServicesBPLibrary (254)
[2023.06.02-08.23.22:329][291]LogModuleManager: Shutting down and abandoning module ImmediatePhysicsEditor (252)
[2023.06.02-08.23.22:329][291]LogModuleManager: Shutting down and abandoning module ImmediatePhysics (250)
[2023.06.02-08.23.22:329][291]LogModuleManager: Shutting down and abandoning module UdpMessaging (248)
[2023.06.02-08.23.22:430][291]LogModuleManager: Shutting down and abandoning module TcpMessaging (246)
[2023.06.02-08.23.22:531][291]LogModuleManager: Shutting down and abandoning module GameplayTagsEditor (244)
[2023.06.02-08.23.22:531][291]LogModuleManager: Shutting down and abandoning module FacialAnimationEditor (242)
[2023.06.02-08.23.22:531][291]LogModuleManager: Shutting down and abandoning module FacialAnimation (240)
[2023.06.02-08.23.22:531][291]LogModuleManager: Shutting down and abandoning module AssetManagerEditor (238)
[2023.06.02-08.23.22:531][291]LogModuleManager: Shutting down and abandoning module GraphEditor (237)
[2023.06.02-08.23.22:531][291]LogModuleManager: Shutting down and abandoning module ContentBrowser (235)
[2023.06.02-08.23.22:532][291]LogModuleManager: Shutting down and abandoning module LightPropagationVolumeRuntime (232)
[2023.06.02-08.23.22:532][291]LogModuleManager: Shutting down and abandoning module Paper2D (230)
[2023.06.02-08.23.22:532][291]LogModuleManager: Shutting down and abandoning module WindowsMoviePlayer (228)
[2023.06.02-08.23.22:532][291]LogModuleManager: Shutting down and abandoning module WmfMedia (226)
[2023.06.02-08.23.22:533][291]LogModuleManager: Shutting down and abandoning module PacketHandler (224)
[2023.06.02-08.23.22:533][291]LogModuleManager: Shutting down and abandoning module ClothingSystemEditor (222)
[2023.06.02-08.23.22:533][291]LogModuleManager: Shutting down and abandoning module ClothingSystemRuntime (220)
[2023.06.02-08.23.22:550][291]LogModuleManager: Shutting down and abandoning module Overlay (218)
[2023.06.02-08.23.22:550][291]LogModuleManager: Shutting down and abandoning module OverlayEditor (217)
[2023.06.02-08.23.22:550][291]LogModuleManager: Shutting down and abandoning module MediaAssets (214)
[2023.06.02-08.23.22:550][291]LogModuleManager: Shutting down and abandoning module EnvironmentQueryEditor (212)
[2023.06.02-08.23.22:550][291]LogModuleManager: Shutting down and abandoning module VREditor (210)
[2023.06.02-08.23.22:550][291]LogModuleManager: Shutting down and abandoning module StringTableEditor (208)
[2023.06.02-08.23.22:550][291]LogModuleManager: Shutting down and abandoning module GameplayTasksEditor (206)
[2023.06.02-08.23.22:550][291]LogModuleManager: Shutting down and abandoning module BehaviorTreeEditor (204)
[2023.06.02-08.23.22:550][291]LogModuleManager: Shutting down and abandoning module FunctionalTesting (202)
[2023.06.02-08.23.22:550][291]LogModuleManager: Shutting down and abandoning module CollisionAnalyzer (200)
[2023.06.02-08.23.22:550][291]LogModuleManager: Shutting down and abandoning module WorkspaceMenuStructure (199)
[2023.06.02-08.23.22:550][291]LogModuleManager: Shutting down and abandoning module UMG (196)
[2023.06.02-08.23.22:550][291]LogModuleManager: Shutting down and abandoning module UMGEditor (195)
[2023.06.02-08.23.22:550][291]LogModuleManager: Shutting down and abandoning module Sequencer (194)
[2023.06.02-08.23.22:550][291]LogModuleManager: Shutting down and abandoning module MessageLog (191)
[2023.06.02-08.23.22:551][291]LogModuleManager: Shutting down and abandoning module SlateReflector (186)
[2023.06.02-08.23.22:551][291]LogModuleManager: Shutting down and abandoning module Slate (184)
[2023.06.02-08.23.22:551][291]LogModuleManager: Shutting down and abandoning module EditorStyle (182)
[2023.06.02-08.23.22:552][291]LogModuleManager: Shutting down and abandoning module MRMesh (180)
[2023.06.02-08.23.22:552][291]LogModuleManager: Shutting down and abandoning module SourceCodeAccess (178)
[2023.06.02-08.23.22:552][291]LogModuleManager: Shutting down and abandoning module HeadMountedDisplay (176)
[2023.06.02-08.23.22:552][291]LogModuleManager: Shutting down and abandoning module XAudio2 (174)
[2023.06.02-08.23.22:552][291]LogModuleManager: Shutting down and abandoning module Networking (172)
[2023.06.02-08.23.22:552][291]LogModuleManager: Shutting down and abandoning module Core (168)
[2023.06.02-08.23.22:552][291]LogModuleManager: Shutting down and abandoning module KismetCompiler (164)
[2023.06.02-08.23.22:552][291]LogModuleManager: Shutting down and abandoning module LevelSequence (162)
[2023.06.02-08.23.22:552][291]LogModuleManager: Shutting down and abandoning module MeshUtilities (160)
[2023.06.02-08.23.22:552][291]LogModuleManager: Shutting down and abandoning module MeshMergeUtilities (159)
[2023.06.02-08.23.22:552][291]LogModuleManager: Shutting down and abandoning module MeshReductionInterface (158)
[2023.06.02-08.23.22:552][291]LogModuleManager: Shutting down and abandoning module SimplygonSwarm (157)
[2023.06.02-08.23.22:552][291]LogModuleManager: Shutting down and abandoning module SimplygonMeshReduction (155)
[2023.06.02-08.23.22:553][291]LogModuleManager: Shutting down and abandoning module QuadricMeshReduction (153)
[2023.06.02-08.23.22:553][291]LogModuleManager: Shutting down and abandoning module MaterialBaking (149)
[2023.06.02-08.23.22:553][291]LogModuleManager: Shutting down and abandoning module DirectoryWatcher (146)
[2023.06.02-08.23.22:553][291]LogModuleManager: Shutting down and abandoning module DerivedDataCache (144)
[2023.06.02-08.23.22:589][291]LogDerivedDataCache: Shutdown
[2023.06.02-08.23.22:589][291]LogModuleManager: Shutting down and abandoning module TargetPlatform (142)
[2023.06.02-08.23.22:589][291]LogModuleManager: Shutting down and abandoning module VulkanShaderFormat (141)
[2023.06.02-08.23.22:589][291]LogModuleManager: Shutting down and abandoning module ShaderFormatVectorVM (139)
[2023.06.02-08.23.22:589][291]LogModuleManager: Shutting down and abandoning module ShaderFormatOpenGL (137)
[2023.06.02-08.23.22:589][291]LogModuleManager: Shutting down and abandoning module ShaderFormatD3D (135)
[2023.06.02-08.23.22:589][291]LogModuleManager: Shutting down and abandoning module MetalShaderFormat (133)
[2023.06.02-08.23.22:589][291]LogModuleManager: Shutting down and abandoning module TextureFormatUncompressed (131)
[2023.06.02-08.23.22:589][291]LogModuleManager: Shutting down and abandoning module TextureFormatPVR (129)
[2023.06.02-08.23.22:589][291]LogModuleManager: Shutting down and abandoning module TextureFormatDXT (127)
[2023.06.02-08.23.22:589][291]LogModuleManager: Shutting down and abandoning module TextureFormatIntelISPCTexComp (125)
[2023.06.02-08.23.22:589][291]LogModuleManager: Shutting down and abandoning module TextureFormatASTC (123)
[2023.06.02-08.23.22:589][291]LogModuleManager: Shutting down and abandoning module ImageWrapper (122)
[2023.06.02-08.23.22:589][291]LogModuleManager: Shutting down and abandoning module TextureFormatAndroid (119)
[2023.06.02-08.23.22:590][291]LogModuleManager: Shutting down and abandoning module AudioFormatOpus (117)
[2023.06.02-08.23.22:590][291]LogModuleManager: Shutting down and abandoning module AudioFormatOgg (115)
[2023.06.02-08.23.22:590][291]LogModuleManager: Shutting down and abandoning module AudioFormatADPCM (113)
[2023.06.02-08.23.22:590][291]LogModuleManager: Shutting down and abandoning module LinuxTargetPlatform (111)
[2023.06.02-08.23.22:590][291]LogModuleManager: Shutting down and abandoning module LinuxServerTargetPlatform (109)
[2023.06.02-08.23.22:590][291]LogModuleManager: Shutting down and abandoning module LinuxNoEditorTargetPlatform (107)
[2023.06.02-08.23.22:590][291]LogModuleManager: Shutting down and abandoning module LinuxClientTargetPlatform (105)
[2023.06.02-08.23.22:590][291]LogModuleManager: Shutting down and abandoning module TVOSTargetPlatform (103)
[2023.06.02-08.23.22:590][291]LogModuleManager: Shutting down and abandoning module Messaging (101)
[2023.06.02-08.23.22:590][291]LogModuleManager: Shutting down and abandoning module IOSTargetPlatform (99)
[2023.06.02-08.23.22:590][291]LogModuleManager: Shutting down and abandoning module HTML5TargetPlatform (97)
[2023.06.02-08.23.22:590][291]LogModuleManager: Shutting down and abandoning module Android_PVRTCTargetPlatform (95)
[2023.06.02-08.23.22:590][291]LogModuleManager: Shutting down and abandoning module Android_MultiTargetPlatform (93)
[2023.06.02-08.23.22:590][291]LogModuleManager: Shutting down and abandoning module Android_ETC2TargetPlatform (91)
[2023.06.02-08.23.22:590][291]LogModuleManager: Shutting down and abandoning module Android_ETC1TargetPlatform (89)
[2023.06.02-08.23.22:590][291]LogModuleManager: Shutting down and abandoning module Android_DXTTargetPlatform (87)
[2023.06.02-08.23.22:590][291]LogModuleManager: Shutting down and abandoning module Android_ATCTargetPlatform (85)
[2023.06.02-08.23.22:590][291]LogModuleManager: Shutting down and abandoning module Android_ASTCTargetPlatform (83)
[2023.06.02-08.23.22:590][291]LogModuleManager: Shutting down and abandoning module AndroidTargetPlatform (81)
[2023.06.02-08.23.22:590][291]LogModuleManager: Shutting down and abandoning module WindowsTargetPlatform (79)
[2023.06.02-08.23.22:590][291]LogModuleManager: Shutting down and abandoning module WindowsServerTargetPlatform (77)
[2023.06.02-08.23.22:590][291]LogModuleManager: Shutting down and abandoning module WindowsNoEditorTargetPlatform (75)
[2023.06.02-08.23.22:590][291]LogModuleManager: Shutting down and abandoning module WindowsClientTargetPlatform (73)
[2023.06.02-08.23.22:590][291]LogModuleManager: Shutting down and abandoning module MacTargetPlatform (71)
[2023.06.02-08.23.22:590][291]LogModuleManager: Shutting down and abandoning module MacServerTargetPlatform (69)
[2023.06.02-08.23.22:590][291]LogModuleManager: Shutting down and abandoning module MacNoEditorTargetPlatform (67)
[2023.06.02-08.23.22:590][291]LogModuleManager: Shutting down and abandoning module MacClientTargetPlatform (65)
[2023.06.02-08.23.22:590][291]LogModuleManager: Shutting down and abandoning module AllDesktopTargetPlatform (63)
[2023.06.02-08.23.22:590][291]LogModuleManager: Shutting down and abandoning module InputCore (60)
[2023.06.02-08.23.22:590][291]LogModuleManager: Shutting down and abandoning module Settings (58)
[2023.06.02-08.23.22:590][291]LogModuleManager: Shutting down and abandoning module PhysXCooking (56)
[2023.06.02-08.23.22:590][291]LogModuleManager: Shutting down and abandoning module SteamVR (54)
[2023.06.02-08.23.22:590][291]LogModuleManager: Shutting down and abandoning module OculusHMD (52)
[2023.06.02-08.23.22:590][291]LogModuleManager: Shutting down and abandoning module ExampleDeviceProfileSelector (50)
[2023.06.02-08.23.22:590][291]LogModuleManager: Shutting down and abandoning module OnlineBlueprintSupport (48)
[2023.06.02-08.23.22:590][291]LogModuleManager: Shutting down and abandoning module OnlineSubsystem (44)
[2023.06.02-08.23.22:590][291]LogOnline: Display: Unloading online subsystem: NULL
[2023.06.02-08.23.22:590][291]LogModuleManager: Shutting down and abandoning module XMPP (43)
[2023.06.02-08.23.22:590][291]LogModuleManager: Shutting down and abandoning module HTTP (41)
[2023.06.02-08.23.22:590][291]LogHttp: Display: Http module shutting down, but needs to wait on 1 outstanding Http requests:
[2023.06.02-08.23.22:590][291]LogHttp: Display: 	verb=[POST] url=[https://datarouter.ol.epicgames.com/datarouter/api/v1/public/data?SessionID=%7B88B8D0D5-4FAA-171A-2EAA-0CB73319E6D2%7D&AppID=UEEditor.Rocket.Release&AppVersion=4.17.2-3658906%2B%2B%2BUE4%2BRelease-4.17&UserID=0903b8c2435f474ae056b4966481071b%7Cc9ba19f18753461bb04966bd5d331490%7C672eb630-afe1-471c-ac31-1d50834ed575&AppEnvironment=datacollector-binary&UploadType=eteventstream] status=Processing
[2023.06.02-08.23.22:592][291]LogModuleManager: Shutting down and abandoning module SSL (40)
[2023.06.02-08.23.22:593][291]LogModuleManager: Shutting down and abandoning module AnimationModifiers (36)
[2023.06.02-08.23.22:593][291]LogModuleManager: Shutting down and abandoning module PropertyEditor (35)
[2023.06.02-08.23.22:593][291]LogModuleManager: Shutting down and abandoning module AudioEditor (32)
[2023.06.02-08.23.22:593][291]LogModuleManager: Shutting down and abandoning module TextureCompressor (30)
[2023.06.02-08.23.22:593][291]LogModuleManager: Shutting down and abandoning module ShaderCore (28)
[2023.06.02-08.23.22:593][291]LogModuleManager: Shutting down and abandoning module Landscape (26)
[2023.06.02-08.23.22:593][291]LogModuleManager: Shutting down and abandoning module SlateRHIRenderer (24)
[2023.06.02-08.23.22:595][291]LogModuleManager: Shutting down and abandoning module OpenGLDrv (22)
[2023.06.02-08.23.22:595][291]LogModuleManager: Shutting down and abandoning module D3D11RHI (20)
[2023.06.02-08.23.22:595][291]LogModuleManager: Shutting down and abandoning module AnimGraphRuntime (18)
[2023.06.02-08.23.22:595][291]LogModuleManager: Shutting down and abandoning module Renderer (16)
[2023.06.02-08.23.22:595][291]LogModuleManager: Shutting down and abandoning module Engine (14)
[2023.06.02-08.23.22:595][291]LogModuleManager: Shutting down and abandoning module CoreUObject (12)
[2023.06.02-08.23.22:595][291]LogModuleManager: Shutting down and abandoning module NetworkFile (10)
[2023.06.02-08.23.22:595][291]LogModuleManager: Shutting down and abandoning module CookedIterativeFile (8)
[2023.06.02-08.23.22:595][291]LogModuleManager: Shutting down and abandoning module StreamingFile (6)
[2023.06.02-08.23.22:595][291]LogModuleManager: Shutting down and abandoning module SandboxFile (4)
[2023.06.02-08.23.22:595][291]LogModuleManager: Shutting down and abandoning module PakFile (2)
[2023.06.02-08.23.22:602][291]LogExit: Exiting.
[2023.06.02-08.23.22:617][291]Log file closed, 06/02/23 17:23:22
