Log file open, 05/31/23 03:02:03
LogWindows: Failed to load 'aqProf.dll' (GetLastError=126)
LogWindows: File 'aqProf.dll' does not exist
LogWindows: Failed to load 'VSPerf140.dll' (GetLastError=126)
LogWindows: File 'VSPerf140.dll' does not exist
LogWindows: Failed to load 'VtuneApi.dll' (GetLastError=126)
LogWindows: File 'VtuneApi.dll' does not exist
LogWindows: Failed to load 'VtuneApi32e.dll' (GetLastError=126)
LogWindows: File 'VtuneApi32e.dll' does not exist
LogInit: Display: Running engine for game: CoopGame
LogPlatformFile: Not using cached read wrapper
LogInit: Display: RandInit(117826646) SRandInit(117826646).
LogTaskGraph: Started task graph with 5 named threads and 26 total threads with 3 sets of task threads.
LogStats: Stats thread started at 0.408781
LogD3D11RHI: Aftermath initialized
LogPluginManager: Mounting plugin Paper2D
LogPluginManager: Mounting plugin LightPropagationVolume
LogPluginManager: Mounting plugin CodeLiteSourceCodeAccess
LogPluginManager: Mounting plugin GitSourceControl
LogPluginManager: Mounting plugin KDevelopSourceCodeAccess
LogPluginManager: Mounting plugin NullSourceCodeAccess
LogPluginManager: Mounting plugin PerforceSourceControl
LogPluginManager: Mounting plugin SubversionSourceControl
LogPluginManager: Mounting plugin UObjectPlugin
LogPluginManager: Mounting plugin VisualStudioSourceCodeAccess
LogPluginManager: Mounting plugin XCodeSourceCodeAccess
LogPluginManager: Mounting plugin AssetManagerEditor
LogPluginManager: Mounting plugin AudioCapture
LogPluginManager: Mounting plugin FacialAnimation
LogPluginManager: Mounting plugin GameplayTagsEditor
LogPluginManager: Mounting plugin MobileLauncherProfileWizard
LogPluginManager: Mounting plugin PluginBrowser
LogPluginManager: Mounting plugin SpeedTreeImporter
LogPluginManager: Mounting plugin AlembicImporter
LogPluginManager: Mounting plugin CharacterAI
LogPluginManager: Mounting plugin HTML5Networking
LogPluginManager: Mounting plugin AndroidMedia
LogPluginManager: Mounting plugin AvfMedia
LogPluginManager: Mounting plugin MediaPlayerEditor
LogPluginManager: Mounting plugin WmfMedia
LogPluginManager: Mounting plugin TcpMessaging
LogPluginManager: Mounting plugin UdpMessaging
LogPluginManager: Mounting plugin LevelSequenceEditor
LogPluginManager: Mounting plugin MatineeToLevelSequence
LogPluginManager: Mounting plugin OnlineSubsystemGooglePlay
LogPluginManager: Mounting plugin OnlineSubsystemIOS
LogPluginManager: Mounting plugin OnlineSubsystem
LogPluginManager: Mounting plugin OnlineSubsystemNull
LogPluginManager: Mounting plugin OnlineSubsystemUtils
LogPluginManager: Mounting plugin AndroidDeviceProfileSelector
LogPluginManager: Mounting plugin AndroidMoviePlayer
LogPluginManager: Mounting plugin AndroidPermission
LogPluginManager: Mounting plugin AppleMoviePlayer
LogPluginManager: Mounting plugin ArchVisCharacter
LogPluginManager: Mounting plugin CableComponent
LogPluginManager: Mounting plugin CustomMeshComponent
LogPluginManager: Mounting plugin ExampleDeviceProfileSelector
LogPluginManager: Mounting plugin GoogleCloudMessaging
LogPluginManager: Mounting plugin ImmediatePhysics
LogPluginManager: Mounting plugin IOSDeviceProfileSelector
LogPluginManager: Mounting plugin LinuxDeviceProfileSelector
LogPluginManager: Mounting plugin LocationServicesBPLibrary
LogPluginManager: Mounting plugin MobilePatchingUtils
LogPluginManager: Mounting plugin OculusVR
LogPluginManager: Mounting plugin PhysXVehicles
LogPluginManager: Mounting plugin ProceduralMeshComponent
LogPluginManager: Mounting plugin RuntimePhysXCooking
LogPluginManager: Mounting plugin SteamVR
LogPluginManager: Mounting plugin WindowsMoviePlayer
LogInit: Using libcurl 7.47.1
LogInit:  - built for x86_64-pc-win32
LogInit:  - supports SSL with OpenSSL/1.0.2g
LogInit:  - supports HTTP deflate (compression) using libz 1.2.8
LogInit:  - other features:
LogInit:      CURL_VERSION_SSL
LogInit:      CURL_VERSION_LIBZ
LogInit:      CURL_VERSION_IPV6
LogInit:      CURL_VERSION_ASYNCHDNS
LogInit:      CURL_VERSION_LARGEFILE
LogInit:      CURL_VERSION_IDN
LogInit:  CurlRequestOptions (configurable via config and command line):
LogInit:  - bVerifyPeer = false  - Libcurl will NOT verify peer certificate
LogInit:  - bUseHttpProxy = false  - Libcurl will NOT use HTTP proxy
LogInit:  - bDontReuseConnections = false  - Libcurl will reuse connections
LogInit:  - CertBundlePath = nullptr  - Libcurl will use whatever was configured at build time.
LogInit: Build: ++UE4+Release-4.17-CL-3658906
LogInit: Engine Version: 4.17.2-3658906+++UE4+Release-4.17
LogInit: Compatible Engine Version: 4.17.0-3573198+++UE4+Release-4.17
LogInit: Net CL: 3573198
LogDevObjectVersion: Number of dev versions registered: 16
LogDevObjectVersion:   Dev-Blueprints (B0D832E4-1F89-4F0D-ACCF-7EB736FD4AA2): 10
LogDevObjectVersion:   Dev-Build (E1C64328-A22C-4D53-A36C-8E866417BD8C): 0
LogDevObjectVersion:   Dev-Core (375EC13C-06E4-48FB-B500-84F0262A717E): 2
LogDevObjectVersion:   Dev-Editor (E4B068ED-F494-42E9-A231-DA0B2E46BB41): 20
LogDevObjectVersion:   Dev-Framework (CFFC743F-43B0-4480-9391-14DF171D2073): 28
LogDevObjectVersion:   Dev-Mobile (B02B49B5-BB20-44E9-A304-32B752E40360): 0
LogDevObjectVersion:   Dev-Networking (A4E4105C-59A1-49B5-A7C5-40C4547EDFEE): 0
LogDevObjectVersion:   Dev-Online (39C831C9-5AE6-47DC-9A44-9C173E1C8E7C): 0
LogDevObjectVersion:   Dev-Physics (78F01B33-EBEA-4F98-B9B4-84EACCB95AA2): 0
LogDevObjectVersion:   Dev-Platform (6631380F-2D4D-43E0-8009-CF276956A95A): 0
LogDevObjectVersion:   Dev-Rendering (12F88B9F-8875-4AFC-A67C-D90C383ABD29): 19
LogDevObjectVersion:   Dev-Sequencer (7B5AE74C-D270-4C10-A958-57980B212A5A): 4
LogDevObjectVersion:   Dev-VR (D7296918-1DD6-4BDD-9DE2-64A83CC13884): 0
LogDevObjectVersion:   Dev-LoadTimes (C2A15278-BFE7-4AFE-6C17-90FF531DF755): 1
LogDevObjectVersion:   Private-Geometry (6EACA3D4-40EC-4CC1-B786-8BED09428FC5): 1
LogDevObjectVersion:   Dev-AnimPhys (29E575DD-E0A3-4627-9D10-D276232CDCEA): 7
LogInit: Compiled (64-bit): Sep 22 2017 13:47:16
LogInit: Compiled with Visual C++: 19.00.24215.01
LogInit: Build Configuration: Development
LogInit: Branch Name: ++UE4+Release-4.17
LogInit: Command line:  
LogInit: Base directory: D:/Tools/EpicGames/UE_4.17/Engine/Binaries/Win64/
LogInit: Installed Engine Build: 1
LogInit: Presizing for max 8388607 objects, including 0 objects not considered by GC, pre-allocating 0 bytes for permanent pool.
LogInit: Object subsystem initialized
[2023.05.30-18.02.04:056][  0]LogInit: Selected Device Profile: [Windows]
[2023.05.30-18.02.04:056][  0]LogInit: Applying CVar settings loaded from the selected device profile: [Windows]
[2023.05.30-18.02.04:064][  0]LogInit: Computer: DESKTOP-A4CSULD
[2023.05.30-18.02.04:064][  0]LogInit: User: 82104
[2023.05.30-18.02.04:064][  0]LogInit: CPU Page size=4096, Cores=8
[2023.05.30-18.02.04:064][  0]LogInit: High frequency timer resolution =10.000000 MHz
[2023.05.30-18.02.04:064][  0]LogMemory: Memory total: Physical=31.9GB (32GB approx)
[2023.05.30-18.02.04:064][  0]LogMemory: Platform Memory Stats for Windows
[2023.05.30-18.02.04:064][  0]LogMemory: Process Physical Memory: 283.20 MB used, 283.21 MB peak
[2023.05.30-18.02.04:064][  0]LogMemory: Process Virtual Memory: 281.29 MB used, 281.29 MB peak
[2023.05.30-18.02.04:064][  0]LogMemory: Physical Memory: 11705.11 MB used,  21011.00 MB free, 32716.11 MB total
[2023.05.30-18.02.04:064][  0]LogMemory: Virtual Memory: 4804.72 MB used,  21011.00 MB free, 134217728.00 MB total
[2023.05.30-18.02.04:262][  0]LogInit: Using OS detected language (ko-KR).
[2023.05.30-18.02.04:262][  0]LogInit: Using OS detected locale (ko-KR).
[2023.05.30-18.02.04:265][  0]LogTextLocalizationManager: No specific localization for 'ko-KR' exists, so the 'ko' localization will be used.
[2023.05.30-18.02.04:668][  0]LogD3D11RHI: D3D11 adapters:
[2023.05.30-18.02.04:814][  0]LogD3D11RHI:    0. 'NVIDIA GeForce GTX 1660 Ti' (Feature Level 11_0)
[2023.05.30-18.02.04:815][  0]LogD3D11RHI:       5979/0/16358 MB DedicatedVideo/DedicatedSystem/SharedSystem, Outputs:2, VendorId:0x10de
[2023.05.30-18.02.04:817][  0]LogD3D11RHI:    1. 'Microsoft Basic Render Driver' (Feature Level 11_0)
[2023.05.30-18.02.04:817][  0]LogD3D11RHI:       0/0/16358 MB DedicatedVideo/DedicatedSystem/SharedSystem, Outputs:0, VendorId:0x1414
[2023.05.30-18.02.04:817][  0]LogD3D11RHI: Chosen D3D11 Adapter: 0
[2023.05.30-18.02.04:826][  0]LogD3D11RHI: Creating new Direct3DDevice
[2023.05.30-18.02.04:826][  0]LogD3D11RHI:     GPU DeviceId: 0x2182 (for the marketing name, search the web for "GPU Device Id")
[2023.05.30-18.02.04:826][  0]LogWindows: EnumDisplayDevices:
[2023.05.30-18.02.04:826][  0]LogWindows:    0. 'NVIDIA GeForce GTX 1660 Ti' (P:1 D:1)
[2023.05.30-18.02.04:826][  0]LogWindows:    1. 'NVIDIA GeForce GTX 1660 Ti' (P:0 D:1)
[2023.05.30-18.02.04:826][  0]LogWindows:    2. 'NVIDIA GeForce GTX 1660 Ti' (P:0 D:0)
[2023.05.30-18.02.04:827][  0]LogWindows:    3. 'NVIDIA GeForce GTX 1660 Ti' (P:0 D:0)
[2023.05.30-18.02.04:827][  0]LogWindows: DebugString: GetVideoDriverDetailsInvalid PrimaryIsNotTheChoosenAdapter GetVideoDriverDetailsInvalid PrimaryIsNotTheChoosenAdapter GetVideoDriverDetailsInvalid PrimaryIsNotTheChoosenAdapter GetVideoDriverDetailsInvalid PrimaryIsNotTheChoosenAdapter FoundDriverCount:0 
[2023.05.30-18.02.04:827][  0]LogD3D11RHI:     Adapter Name: NVIDIA GeForce GTX 1660 Ti
[2023.05.30-18.02.04:827][  0]LogD3D11RHI:   Driver Version: Unknown (internal:Unknown, unified:Unknown)
[2023.05.30-18.02.04:827][  0]LogD3D11RHI:      Driver Date: Unknown
[2023.05.30-18.02.04:827][  0]LogRHI: Texture pool is 1361 MB (70% of 1945 MB)
[2023.05.30-18.02.04:934][  0]LogD3D11RHI: Async texture creation enabled
[2023.05.30-18.02.04:972][  0]LogD3D11RHI: GPU Timing Frequency: 1000.000000 (Debug: 2 1)
[2023.05.30-18.02.04:974][  0]LogD3D11RHI: HDR output is supported on display 0 (NvId: 0x80061081).
[2023.05.30-18.02.04:974][  0]LogShaderCompilers: Guid format shader working directory is 11 characters bigger than the processId version (../../../../../../UE_Project/CoopGame/Intermediate/Shaders/WorkingDirectory/10176/).
[2023.05.30-18.02.04:975][  0]LogShaderCompilers: Cleaned the shader compiler working directory 'C:/Users/Wonjeong/AppData/Local/Temp/UnrealShaderWorkingDir/E8F485AF48404D4BC8AEB6BC52B9420D/'.
[2023.05.30-18.02.04:975][  0]LogShaderCompilers: Display: Using Local Shader Compiler.
[2023.05.30-18.02.06:234][  0]LogTemp: Display: Loaded TP AllDesktopTargetPlatform
[2023.05.30-18.02.06:309][  0]LogTemp: Display: Loaded TP MacClientTargetPlatform
[2023.05.30-18.02.06:370][  0]LogTemp: Display: Loaded TP MacNoEditorTargetPlatform
[2023.05.30-18.02.06:426][  0]LogTemp: Display: Loaded TP MacServerTargetPlatform
[2023.05.30-18.02.06:493][  0]LogTemp: Display: Loaded TP MacTargetPlatform
[2023.05.30-18.02.06:557][  0]LogTemp: Display: Loaded TP WindowsClientTargetPlatform
[2023.05.30-18.02.06:619][  0]LogTemp: Display: Loaded TP WindowsNoEditorTargetPlatform
[2023.05.30-18.02.06:680][  0]LogTemp: Display: Loaded TP WindowsServerTargetPlatform
[2023.05.30-18.02.06:732][  0]LogTemp: Display: Loaded TP WindowsTargetPlatform
[2023.05.30-18.02.06:793][  0]LogTemp: Display: Loaded TP AndroidTargetPlatform
[2023.05.30-18.02.06:848][  0]LogTemp: Display: Loaded TP Android_ASTCTargetPlatform
[2023.05.30-18.02.06:907][  0]LogTemp: Display: Loaded TP Android_ATCTargetPlatform
[2023.05.30-18.02.06:961][  0]LogTemp: Display: Loaded TP Android_DXTTargetPlatform
[2023.05.30-18.02.07:011][  0]LogTemp: Display: Loaded TP Android_ETC1TargetPlatform
[2023.05.30-18.02.07:064][  0]LogTemp: Display: Loaded TP Android_ETC2TargetPlatform
[2023.05.30-18.02.07:176][  0]LogTemp: Display: Loaded TP Android_MultiTargetPlatform
[2023.05.30-18.02.07:176][  0]LogTemp: Display: Loaded TP Android_PVRTCTargetPlatform
[2023.05.30-18.02.07:218][  0]LogTemp: Display: Loaded TP HTML5TargetPlatform
[2023.05.30-18.02.07:329][  0]LogTemp: Display: Loaded TP IOSTargetPlatform
[2023.05.30-18.02.07:369][  0]LogTemp: Display: Loaded TP TVOSTargetPlatform
[2023.05.30-18.02.07:440][  0]LogTemp: Display: Loaded TP LinuxClientTargetPlatform
[2023.05.30-18.02.07:500][  0]LogTemp: Display: Loaded TP LinuxNoEditorTargetPlatform
[2023.05.30-18.02.07:561][  0]LogTemp: Display: Loaded TP LinuxServerTargetPlatform
[2023.05.30-18.02.07:643][  0]LogTemp: Display: Loaded TP LinuxTargetPlatform
[2023.05.30-18.02.07:643][  0]LogTargetPlatformManager: Display: Building Assets For Windows
[2023.05.30-18.02.08:222][  0]LogDerivedDataCache: Display: Max Cache Size: 512 MB
[2023.05.30-18.02.08:339][  0]LogDerivedDataCache: Loaded boot cache 0.12s 95MB C:/Users/Wonjeong/AppData/Local/UnrealEngine/4.17/DerivedDataCache/Boot.ddc.
[2023.05.30-18.02.08:339][  0]LogDerivedDataCache: Display: Loaded Boot cache: C:/Users/Wonjeong/AppData/Local/UnrealEngine/4.17/DerivedDataCache/Boot.ddc
[2023.05.30-18.02.08:339][  0]LogDerivedDataCache: FDerivedDataBackendGraph:  Pak pak cache file ../../../../../../UE_Project/CoopGame/DerivedDataCache/DDC.ddp not found, will not use a pak cache.
[2023.05.30-18.02.08:339][  0]LogDerivedDataCache: Unable to find inner node Pak for hierarchical cache Hierarchy.
[2023.05.30-18.02.08:340][  0]LogDerivedDataCache: FDerivedDataBackendGraph:  CompressedPak pak cache file ../../../../../../UE_Project/CoopGame/DerivedDataCache/Compressed.ddp not found, will not use a pak cache.
[2023.05.30-18.02.08:340][  0]LogDerivedDataCache: Unable to find inner node CompressedPak for hierarchical cache Hierarchy.
[2023.05.30-18.02.08:361][  0]LogDerivedDataCache: Display: Pak cache opened for reading ../../../Engine/DerivedDataCache/Compressed.ddp.
[2023.05.30-18.02.08:374][  0]LogDerivedDataCache: Using Local data cache path C:/Users/Wonjeong/AppData/Local/UnrealEngine/Common/DerivedDataCache: Writable
[2023.05.30-18.02.08:386][  0]LogMaterial: Verifying Global Shaders for PCD3D_SM5
[2023.05.30-18.02.08:387][  0]LogSlate: Using Freetype 2.6.0
[2023.05.30-18.02.08:387][  0]LogSlate: SlateFontCache - WITH_FREETYPE: 1, WITH_HARFBUZZ: 1
[2023.05.30-18.02.08:387][  0]LogSlate: SlateFontCache - WITH_FREETYPE: 1, WITH_HARFBUZZ: 1
[2023.05.30-18.02.08:730][  0]LogAssetRegistry: FAssetRegistry took 0.0276 seconds to start up
[2023.05.30-18.02.08:866][  0]LogInit: Selected Device Profile: [Windows]
[2023.05.30-18.02.08:997][  0]LogContentStreaming: Texture pool size is 0.00 MB
[2023.05.30-18.02.09:309][  0]LogSimplygon: Simplygon DLL not present - disabling.
[2023.05.30-18.02.09:352][  0]LogMeshReduction: Using SimplygonSwarm for distributed automatic mesh merging
[2023.05.30-18.02.09:352][  0]LogMeshReduction: Using QuadricMeshReduction for automatic static mesh reduction
[2023.05.30-18.02.09:352][  0]LogMeshReduction: No automatic skeletal mesh reduction module available
[2023.05.30-18.02.09:352][  0]LogMeshReduction: No automatic mesh merging module available
[2023.05.30-18.02.09:352][  0]LogMeshMerging: No automatic mesh merging module available
[2023.05.30-18.02.09:688][  0]LogNetVersion: CoopGame , NetCL: 3573198, EngineNetVer: 2, GameNetVer: 0 (Checksum: 471078940)
[2023.05.30-18.02.09:927][  0]LogPackageLocalizationCache: Processed 5 localized package path(s) for 2 prioritized culture(s) in 0.043945 seconds
[2023.05.30-18.02.09:936][  0]LogUObjectArray: 35825 objects as part of root set at end of initial load.
[2023.05.30-18.02.09:936][  0]LogUObjectAllocator: 7529104 out of 0 bytes used by permanent object pool.
[2023.05.30-18.02.09:936][  0]LogUObjectArray: CloseDisregardForGC: 0/0 objects in disregard for GC pool
[2023.05.30-18.02.10:007][  0]LogInit: WinSock: version 1.1 (2.2), MaxSocks=32767, MaxUdp=65467
[2023.05.30-18.02.12:649][  0]LogTcpMessaging: Initializing TcpMessaging bridge
[2023.05.30-18.02.12:688][  0]LogUdpMessaging: Initializing bridge on interface 0.0.0.0:0 to multicast group 230.0.0.1:6666.
[2023.05.30-18.02.13:572][  0]LogMaterial: Uniform references updated for custom material expression Custom.
[2023.05.30-18.02.13:948][  0]SourceControl: 소스 콘트롤이 꺼졌습니다.
[2023.05.30-18.02.13:948][  0]SourceControl: 소스 콘트롤이 꺼졌습니다.
[2023.05.30-18.02.13:993][  0]SourceControl: 소스 콘트롤이 꺼졌습니다.
[2023.05.30-18.02.14:044][  0]SourceControl: 소스 콘트롤이 꺼졌습니다.
[2023.05.30-18.02.14:655][  0]LogAndroidPermission: UAndroidPermissionCallbackProxy::GetInstance
[2023.05.30-18.02.14:905][  0]LogOcInput: OculusInput pre-init called
[2023.05.30-18.02.15:180][  0]LogEngine: Initializing Engine...
[2023.05.30-18.02.15:182][  0]LogHMD: Failed to initialize OpenVR with code 110
[2023.05.30-18.02.15:425][  0]LogStats: UGameplayTagsManager::ConstructGameplayTagTree: Construct from data asset -  0.000 s
[2023.05.30-18.02.15:426][  0]LogStats: UGameplayTagsManager::ConstructGameplayTagTree: GameplayTagTreeChangedEvent.Broadcast -  0.000 s
[2023.05.30-18.02.15:547][  0]LogAIModule: Creating AISystem for world Untitled
[2023.05.30-18.02.15:567][  0]LogInit: XAudio2 using '스피커(Realtek(R) Audio)' : 2 channels at 48 kHz using 32 bits per sample (channel mask 0x3)
[2023.05.30-18.02.15:589][  0]LogInit: FAudioDevice initialized.
[2023.05.30-18.02.15:685][  0]LogDerivedDataCache: Saved boot cache 0.10s 95MB C:/Users/Wonjeong/AppData/Local/UnrealEngine/4.17/DerivedDataCache/Boot.ddc.
[2023.05.30-18.02.15:699][  0]LogInit: Texture streaming: Enabled
[2023.05.30-18.02.15:814][  0]LogEngineSessionManager: EngineSessionManager initialized
[2023.05.30-18.02.16:019][  0]LogInit: Transaction tracking system initialized
[2023.05.30-18.02.16:307][  0]BlueprintLog: New page: 에디터 로드
[2023.05.30-18.02.17:188][  0]LocalizationService: 현지화 서비스가 비활성화되었습니다.
[2023.05.30-18.02.17:864][  0]LogConsoleResponse: Display: 
[2023.05.30-18.02.18:009][  0]LogCook: Display: Max memory allowance for cook 16384mb min free memory 0mb
[2023.05.30-18.02.18:009][  0]LogCook: Display: Mobile HDR setting 1
[2023.05.30-18.02.18:009][  0]LogGameplayTags: Display: UGameplayTagsManager::DoneAddingNativeTags. DelegateIsBound: 0
[2023.05.30-18.02.19:475][  0]LogFileCache: Scanning file cache for directory 'D:/UE_Project/CoopGame/Content/' took 0.01s
[2023.05.30-18.02.19:614][  0]SourceControl: 소스 콘트롤이 꺼졌습니다.
[2023.05.30-18.02.19:681][  0]Cmd: MAP LOAD FILE="../../../../../../UE_Project/CoopGame/Content/Maps/Blockout_P.umap" TEMPLATE=0 SHOWPROGRESS=1 FEATURELEVEL=3
[2023.05.30-18.02.19:721][  0]LightingResults: New page: 라이팅 빌드
[2023.05.30-18.02.19:999][  0]MapCheck: New page: 맵 체크
[2023.05.30-18.02.19:999][  0]LightingResults: New page: 라이팅 빌드
[2023.05.30-18.02.23:469][  0]LogAIModule: Creating AISystem for world Blockout_P
[2023.05.30-18.02.24:101][  0]LogEditorServer: Finished looking for orphan Actors (0.000 secs)
[2023.05.30-18.02.24:247][  0]Cmd: MAP CHECKDEP NOCLEARLOG
[2023.05.30-18.02.24:320][  0]MapCheck: 맵 체크 완료: 오류 0 회, 경고 0 회, 소요 시간 72.917ms.
[2023.05.30-18.02.24:320][  0]LogFileHelpers: Loading map 'Blockout_P' took 4.666
[2023.05.30-18.02.25:986][  0]LogCollectionManager: Loaded 0 collections in 0.001122 seconds
[2023.05.30-18.02.26:174][  0]LogFileCache: Scanning file cache for directory 'D:/UE_Project/CoopGame/Saved/Collections/' took 0.01s
[2023.05.30-18.02.26:174][  0]LogFileCache: Scanning file cache for directory 'D:/UE_Project/CoopGame/Content/Developers/82104/Collections/' took 0.01s
[2023.05.30-18.02.26:174][  0]LogFileCache: Scanning file cache for directory 'D:/UE_Project/CoopGame/Content/Collections/' took 0.01s
[2023.05.30-18.02.26:174][  0]LogCollectionManager: Rebuilt the GUID cache for 0 collections in 0.000000 seconds
[2023.05.30-18.02.26:200][  0]LogContentBrowser: Native class hierarchy populated in 0.0242 seconds. Added 2404 classes and 507 folders.
[2023.05.30-18.02.26:360][  0]LogContentBrowser: Native class hierarchy updated for 'WidgetCarousel' in 0.0045 seconds. Added 0 classes and 0 folders.
[2023.05.30-18.02.27:587][  0]LogContentBrowser: Native class hierarchy updated for 'AddContentDialog' in 0.0045 seconds. Added 0 classes and 0 folders.
[2023.05.30-18.02.27:728][  0]LogContentBrowser: Native class hierarchy updated for 'SceneOutliner' in 0.0053 seconds. Added 1 classes and 2 folders.
[2023.05.30-18.02.28:510][  0]LogSlate: Took 0.015169 seconds to synchronously load lazily loaded font '../../../Engine/Content/Slate/Fonts/Roboto-Regular.ttf' (155K)
[2023.05.30-18.02.28:575][  0]LogSlate: Took 0.064366 seconds to synchronously load lazily loaded font '../../../Engine/Content/Slate/Fonts/NanumGothic.ttf' (4243K)
[2023.05.30-18.02.28:586][  0]LogSlate: Took 0.010614 seconds to synchronously load lazily loaded font '../../../Engine/Content/Slate/Fonts/Roboto-Bold.ttf' (160K)
[2023.05.30-18.02.28:643][  0]LogSlate: Took 0.014089 seconds to synchronously load lazily loaded font '../../../Engine/Content/Editor/Slate/Fonts/FontAwesome.ttf' (139K)
[2023.05.30-18.02.29:170][  0]LogRenderer: Reallocating scene render targets to support 1844x668 Format 10 NumSamples 1 (Frame:1).
[2023.05.30-18.02.30:317][  0]LogContentBrowser: Native class hierarchy updated for 'HierarchicalLODOutliner' in 0.0052 seconds. Added 1 classes and 2 folders.
[2023.05.30-18.02.30:317][  0]LogLoad: (Engine Initialization) Total time: 28.54 seconds
[2023.05.30-18.02.30:317][  0]LogLoad: (Engine Initialization) Total Blueprint compile time: 0.00 seconds
[2023.05.30-18.02.30:360][  0]LogExternalProfiler: No external profilers were discovered.  External profiling features will not be available.
[2023.05.30-18.02.30:789][  0]LogContentStreaming: Texture pool size now 1000 MB
[2023.05.30-18.02.31:046][  0]LogSlate: Took 0.010917 seconds to synchronously load lazily loaded font '../../../Engine/Content/Slate/Fonts/Roboto-Light.ttf' (159K)
[2023.05.30-18.02.31:529][  2]LogAssetRegistry: Asset discovery search completed in 22.8211 seconds
[2023.05.30-18.02.31:553][  2]LogCollectionManager: Rebuilt the object cache for 0 collections in 0.000000 seconds (found 0 objects)
[2023.05.30-18.02.31:554][  2]LogCollectionManager: Fixed up redirectors for 0 collections in 0.011847 seconds (updated 0 objects)
[2023.05.30-18.02.31:710][  3]LogSlate: Took 0.000194 seconds to synchronously load lazily loaded font '../../../Engine/Content/Slate/Fonts/Roboto-Light.ttf' (159K)
[2023.05.30-18.04.52:462][766]LogSlate: Took 0.000178 seconds to synchronously load lazily loaded font '../../../Engine/Content/Slate/Fonts/Roboto-Light.ttf' (159K)
[2023.05.30-18.04.53:078][766]LogSlate: Took 0.000234 seconds to synchronously load lazily loaded font '../../../Engine/Content/Slate/Fonts/Roboto-Regular.ttf' (155K)
[2023.05.30-18.04.53:295][766]LogContentBrowser: Native class hierarchy updated for 'BlueprintGraph' in 0.0044 seconds. Added 113 classes and 0 folders.
[2023.05.30-18.04.55:050][766]LogSlate: Took 0.014093 seconds to synchronously load lazily loaded font '../../../Engine/Content/Editor/Slate/Fonts/Roboto-BoldCondensed.ttf' (158K)
[2023.05.30-18.04.55:550][767]LogSlate: Took 0.012432 seconds to synchronously load lazily loaded font '../../../Engine/Content/Editor/Slate/Fonts/Roboto-Italic.ttf' (157K)
[2023.05.30-18.17.51:684][415]Cmd: QUIT_EDITOR
[2023.05.30-18.17.51:700][415]LogWindowsTextInputMethodSystem: Display: IME system now activated using TSF (Microsoft 입력기).
[2023.05.30-18.17.51:710][415]LogExit: Preparing to exit.
[2023.05.30-18.17.52:201][415]LogDirectoryWatcher: A directory notification for 'D:/UE_Project/CoopGame/Content/' was aborted.
[2023.05.30-18.17.52:233][415]LogExit: Editor shut down
[2023.05.30-18.17.52:238][415]LogExit: Transaction tracking system shut down
[2023.05.30-18.17.52:309][415]LogDirectoryWatcher: A directory notification for '../../../Engine/Content/' was aborted.
[2023.05.30-18.17.52:309][415]LogDirectoryWatcher: A directory notification for '../../../../../../UE_Project/CoopGame/Content/' was aborted.
[2023.05.30-18.17.52:309][415]LogDirectoryWatcher: A directory notification for '../../../Engine/Plugins/2D/Paper2D/Content/' was aborted.
[2023.05.30-18.17.52:309][415]LogDirectoryWatcher: A directory notification for '../../../Engine/Plugins/Runtime/Oculus/OculusVR/Content/' was aborted.
[2023.05.30-18.17.52:309][415]LogDirectoryWatcher: A directory notification for '../../../Engine/Plugins/Runtime/Steam/SteamVR/Content/' was aborted.
